This file contains any messages produced by compilers while
running configure, to aid debugging if configure makes a mistake.

It was created by SystemC configure 2.3.0, which was
generated by GNU Autoconf 2.61.  Invocation command line was

  $ ../configure --prefix=/usr/local/systemc230

## --------- ##
## Platform. ##
## --------- ##

hostname = Ansonn-PC
uname -m = x86_64
uname -r = 3.11.0-18-generic
uname -s = Linux
uname -v = #32~precise1-Ubuntu SMP Thu Feb 20 17:52:10 UTC 2014

/usr/bin/uname -p = unknown
/bin/uname -X     = unknown

/bin/arch              = unknown
/usr/bin/arch -k       = unknown
/usr/convex/getsysinfo = unknown
/usr/bin/hostinfo      = unknown
/bin/machine           = unknown
/usr/bin/oslevel       = unknown
/bin/universe          = unknown

PATH: /usr/lib/lightdm/lightdm
PATH: /usr/local/sbin
PATH: /usr/local/bin
PATH: /usr/sbin
PATH: /usr/bin
PATH: /sbin
PATH: /bin
PATH: /usr/games
PATH: /home/ansonn/x-tools/linaro/gcc-linaro-aarch64-linux-gnu-4.8-2013.11_linux/bin


## ----------- ##
## Core tests. ##
## ----------- ##

configure:1889: checking build system type
configure:1907: result: x86_64-unknown-linux-gnu
configure:1929: checking host system type
configure:1944: result: x86_64-unknown-linux-gnu
configure:1966: checking target system type
configure:1981: result: x86_64-unknown-linux-gnu
configure:2024: checking for a BSD-compatible install
configure:2080: result: /usr/bin/install -c
configure:2091: checking whether build environment is sane
configure:2134: result: yes
configure:2162: checking for a thread-safe mkdir -p
configure:2201: result: /bin/mkdir -p
configure:2214: checking for gawk
configure:2244: result: no
configure:2214: checking for mawk
configure:2230: found /usr/bin/mawk
configure:2241: result: mawk
configure:2252: checking whether make sets $(MAKE)
configure:2273: result: yes
configure:2468: checking for style of include used by make
configure:2496: result: GNU
configure:2566: checking for gcc
configure:2582: found /usr/bin/gcc
configure:2593: result: gcc
configure:2831: checking for C compiler version
configure:2838: gcc --version >&5
gcc (Ubuntu/Linaro 4.6.3-1ubuntu5) 4.6.3
Copyright (C) 2011 Free Software Foundation, Inc.
This is free software; see the source for copying conditions.  There is NO
warranty; not even for MERCHANTABILITY or FITNESS FOR A PARTICULAR PURPOSE.

configure:2841: $? = 0
configure:2848: gcc -v >&5
Using built-in specs.
COLLECT_GCC=gcc
COLLECT_LTO_WRAPPER=/usr/lib/gcc/x86_64-linux-gnu/4.6/lto-wrapper
Target: x86_64-linux-gnu
Configured with: ../src/configure -v --with-pkgversion='Ubuntu/Linaro 4.6.3-1ubuntu5' --with-bugurl=file:///usr/share/doc/gcc-4.6/README.Bugs --enable-languages=c,c++,fortran,objc,obj-c++ --prefix=/usr --program-suffix=-4.6 --enable-shared --enable-linker-build-id --with-system-zlib --libexecdir=/usr/lib --without-included-gettext --enable-threads=posix --with-gxx-include-dir=/usr/include/c++/4.6 --libdir=/usr/lib --enable-nls --with-sysroot=/ --enable-clocale=gnu --enable-libstdcxx-debug --enable-libstdcxx-time=yes --enable-gnu-unique-object --enable-plugin --enable-objc-gc --disable-werror --with-arch-32=i686 --with-tune=generic --enable-checking=release --build=x86_64-linux-gnu --host=x86_64-linux-gnu --target=x86_64-linux-gnu
Thread model: posix
gcc version 4.6.3 (Ubuntu/Linaro 4.6.3-1ubuntu5) 
configure:2851: $? = 0
configure:2858: gcc -V >&5
gcc: error: unrecognized option '-V'
gcc: fatal error: no input files
compilation terminated.
configure:2861: $? = 4
configure:2884: checking for C compiler default output file name
configure:2911: gcc    conftest.c  >&5
configure:2914: $? = 0
configure:2952: result: a.out
configure:2969: checking whether the C compiler works
configure:2979: ./a.out
configure:2982: $? = 0
configure:2999: result: yes
configure:3006: checking whether we are cross compiling
configure:3008: result: no
configure:3011: checking for suffix of executables
configure:3018: gcc -o conftest    conftest.c  >&5
configure:3021: $? = 0
configure:3045: result: 
configure:3051: checking for suffix of object files
configure:3077: gcc -c   conftest.c >&5
configure:3080: $? = 0
configure:3103: result: o
configure:3107: checking whether we are using the GNU C compiler
configure:3136: gcc -c   conftest.c >&5
configure:3142: $? = 0
configure:3159: result: yes
configure:3164: checking whether gcc accepts -g
configure:3194: gcc -c -g  conftest.c >&5
configure:3200: $? = 0
configure:3299: result: yes
configure:3316: checking for gcc option to accept ISO C89
configure:3390: gcc  -c   conftest.c >&5
configure:3396: $? = 0
configure:3419: result: none needed
configure:3439: checking dependency style of gcc
configure:3530: result: gcc3
configure:3554: checking dependency style of gcc
configure:3645: result: gcc3
configure:3708: checking for gcc
configure:3735: result: gcc
configure:3973: checking for C compiler version
configure:3980: gcc --version >&5
gcc (Ubuntu/Linaro 4.6.3-1ubuntu5) 4.6.3
Copyright (C) 2011 Free Software Foundation, Inc.
This is free software; see the source for copying conditions.  There is NO
warranty; not even for MERCHANTABILITY or FITNESS FOR A PARTICULAR PURPOSE.

configure:3983: $? = 0
configure:3990: gcc -v >&5
Using built-in specs.
COLLECT_GCC=gcc
COLLECT_LTO_WRAPPER=/usr/lib/gcc/x86_64-linux-gnu/4.6/lto-wrapper
Target: x86_64-linux-gnu
Configured with: ../src/configure -v --with-pkgversion='Ubuntu/Linaro 4.6.3-1ubuntu5' --with-bugurl=file:///usr/share/doc/gcc-4.6/README.Bugs --enable-languages=c,c++,fortran,objc,obj-c++ --prefix=/usr --program-suffix=-4.6 --enable-shared --enable-linker-build-id --with-system-zlib --libexecdir=/usr/lib --without-included-gettext --enable-threads=posix --with-gxx-include-dir=/usr/include/c++/4.6 --libdir=/usr/lib --enable-nls --with-sysroot=/ --enable-clocale=gnu --enable-libstdcxx-debug --enable-libstdcxx-time=yes --enable-gnu-unique-object --enable-plugin --enable-objc-gc --disable-werror --with-arch-32=i686 --with-tune=generic --enable-checking=release --build=x86_64-linux-gnu --host=x86_64-linux-gnu --target=x86_64-linux-gnu
Thread model: posix
gcc version 4.6.3 (Ubuntu/Linaro 4.6.3-1ubuntu5) 
configure:3993: $? = 0
configure:4000: gcc -V >&5
gcc: error: unrecognized option '-V'
gcc: fatal error: no input files
compilation terminated.
configure:4003: $? = 4
configure:4006: checking whether we are using the GNU C compiler
configure:4058: result: yes
configure:4063: checking whether gcc accepts -g
configure:4198: result: yes
configure:4215: checking for gcc option to accept ISO C89
configure:4318: result: none needed
configure:4338: checking dependency style of gcc
configure:4429: result: gcc3
configure:4502: checking for g++
configure:4518: found /usr/bin/g++
configure:4529: result: g++
configure:4560: checking for C++ compiler version
configure:4567: g++ --version >&5
g++ (Ubuntu/Linaro 4.6.3-1ubuntu5) 4.6.3
Copyright (C) 2011 Free Software Foundation, Inc.
This is free software; see the source for copying conditions.  There is NO
warranty; not even for MERCHANTABILITY or FITNESS FOR A PARTICULAR PURPOSE.

configure:4570: $? = 0
configure:4577: g++ -v >&5
Using built-in specs.
COLLECT_GCC=g++
COLLECT_LTO_WRAPPER=/usr/lib/gcc/x86_64-linux-gnu/4.6/lto-wrapper
Target: x86_64-linux-gnu
Configured with: ../src/configure -v --with-pkgversion='Ubuntu/Linaro 4.6.3-1ubuntu5' --with-bugurl=file:///usr/share/doc/gcc-4.6/README.Bugs --enable-languages=c,c++,fortran,objc,obj-c++ --prefix=/usr --program-suffix=-4.6 --enable-shared --enable-linker-build-id --with-system-zlib --libexecdir=/usr/lib --without-included-gettext --enable-threads=posix --with-gxx-include-dir=/usr/include/c++/4.6 --libdir=/usr/lib --enable-nls --with-sysroot=/ --enable-clocale=gnu --enable-libstdcxx-debug --enable-libstdcxx-time=yes --enable-gnu-unique-object --enable-plugin --enable-objc-gc --disable-werror --with-arch-32=i686 --with-tune=generic --enable-checking=release --build=x86_64-linux-gnu --host=x86_64-linux-gnu --target=x86_64-linux-gnu
Thread model: posix
gcc version 4.6.3 (Ubuntu/Linaro 4.6.3-1ubuntu5) 
configure:4580: $? = 0
configure:4587: g++ -V >&5
g++: error: unrecognized option '-V'
g++: fatal error: no input files
compilation terminated.
configure:4590: $? = 4
configure:4593: checking whether we are using the GNU C++ compiler
configure:4622: g++ -c   conftest.cpp >&5
configure:4628: $? = 0
configure:4645: result: yes
configure:4650: checking whether g++ accepts -g
configure:4680: g++ -c -g  conftest.cpp >&5
configure:4686: $? = 0
configure:4785: result: yes
configure:4810: checking dependency style of g++
configure:4901: result: gcc3
configure:4929: checking for a BSD-compatible install
configure:4985: result: /usr/bin/install -c
configure:5389: checking for the pthreads library -lpthreads
configure:5437: gcc -o conftest     conftest.c -lpthreads  >&5
/usr/bin/ld: cannot find -lpthreads
collect2: ld returned 1 exit status
configure:5443: $? = 1
configure: failed program was:
| /* confdefs.h.  */
| #define PACKAGE_NAME "SystemC"
| #define PACKAGE_TARNAME "systemc"
| #define PACKAGE_VERSION "2.3.0"
| #define PACKAGE_STRING "SystemC 2.3.0"
| #define PACKAGE_BUGREPORT ""
| /* end confdefs.h.  */
| #include <pthread.h>
|                         static void routine(void *a) { a = 0; }
|                         static void *start_routine(void *a) { return a; }
| int
| main ()
| {
| pthread_t th; pthread_attr_t attr;
|                         pthread_create(&th, 0, start_routine, 0);
|                         pthread_join(th, 0);
|                         pthread_attr_init(&attr);
|                         pthread_cleanup_push(routine, 0);
|                         pthread_cleanup_pop(0) /* ; */
|   ;
|   return 0;
| }
configure:5463: result: no
configure:5334: checking whether pthreads work without any flags
configure:5437: gcc -o conftest     conftest.c   >&5
/tmp/cckpDThl.o: In function `main':
conftest.c:(.text+0x51): undefined reference to `pthread_create'
conftest.c:(.text+0x62): undefined reference to `pthread_join'
conftest.c:(.text+0xca): undefined reference to `__pthread_register_cancel'
conftest.c:(.text+0xd9): undefined reference to `__pthread_unregister_cancel'
collect2: ld returned 1 exit status
configure:5443: $? = 1
configure: failed program was:
| /* confdefs.h.  */
| #define PACKAGE_NAME "SystemC"
| #define PACKAGE_TARNAME "systemc"
| #define PACKAGE_VERSION "2.3.0"
| #define PACKAGE_STRING "SystemC 2.3.0"
| #define PACKAGE_BUGREPORT ""
| /* end confdefs.h.  */
| #include <pthread.h>
|                         static void routine(void *a) { a = 0; }
|                         static void *start_routine(void *a) { return a; }
| int
| main ()
| {
| pthread_t th; pthread_attr_t attr;
|                         pthread_create(&th, 0, start_routine, 0);
|                         pthread_join(th, 0);
|                         pthread_attr_init(&attr);
|                         pthread_cleanup_push(routine, 0);
|                         pthread_cleanup_pop(0) /* ; */
|   ;
|   return 0;
| }
configure:5463: result: no
configure:5339: checking whether pthreads work with -Kthread
configure:5437: gcc -o conftest  -Kthread   conftest.c   >&5
gcc: error: unrecognized option '-Kthread'
configure:5443: $? = 1
configure: failed program was:
| /* confdefs.h.  */
| #define PACKAGE_NAME "SystemC"
| #define PACKAGE_TARNAME "systemc"
| #define PACKAGE_VERSION "2.3.0"
| #define PACKAGE_STRING "SystemC 2.3.0"
| #define PACKAGE_BUGREPORT ""
| /* end confdefs.h.  */
| #include <pthread.h>
|                         static void routine(void *a) { a = 0; }
|                         static void *start_routine(void *a) { return a; }
| int
| main ()
| {
| pthread_t th; pthread_attr_t attr;
|                         pthread_create(&th, 0, start_routine, 0);
|                         pthread_join(th, 0);
|                         pthread_attr_init(&attr);
|                         pthread_cleanup_push(routine, 0);
|                         pthread_cleanup_pop(0) /* ; */
|   ;
|   return 0;
| }
configure:5463: result: no
configure:5339: checking whether pthreads work with -kthread
configure:5437: gcc -o conftest  -kthread   conftest.c   >&5
gcc: error: unrecognized option '-kthread'
configure:5443: $? = 1
configure: failed program was:
| /* confdefs.h.  */
| #define PACKAGE_NAME "SystemC"
| #define PACKAGE_TARNAME "systemc"
| #define PACKAGE_VERSION "2.3.0"
| #define PACKAGE_STRING "SystemC 2.3.0"
| #define PACKAGE_BUGREPORT ""
| /* end confdefs.h.  */
| #include <pthread.h>
|                         static void routine(void *a) { a = 0; }
|                         static void *start_routine(void *a) { return a; }
| int
| main ()
| {
| pthread_t th; pthread_attr_t attr;
|                         pthread_create(&th, 0, start_routine, 0);
|                         pthread_join(th, 0);
|                         pthread_attr_init(&attr);
|                         pthread_cleanup_push(routine, 0);
|                         pthread_cleanup_pop(0) /* ; */
|   ;
|   return 0;
| }
configure:5463: result: no
configure:5389: checking for the pthreads library -llthread
configure:5437: gcc -o conftest     conftest.c -llthread  >&5
/usr/bin/ld: cannot find -llthread
collect2: ld returned 1 exit status
configure:5443: $? = 1
configure: failed program was:
| /* confdefs.h.  */
| #define PACKAGE_NAME "SystemC"
| #define PACKAGE_TARNAME "systemc"
| #define PACKAGE_VERSION "2.3.0"
| #define PACKAGE_STRING "SystemC 2.3.0"
| #define PACKAGE_BUGREPORT ""
| /* end confdefs.h.  */
| #include <pthread.h>
|                         static void routine(void *a) { a = 0; }
|                         static void *start_routine(void *a) { return a; }
| int
| main ()
| {
| pthread_t th; pthread_attr_t attr;
|                         pthread_create(&th, 0, start_routine, 0);
|                         pthread_join(th, 0);
|                         pthread_attr_init(&attr);
|                         pthread_cleanup_push(routine, 0);
|                         pthread_cleanup_pop(0) /* ; */
|   ;
|   return 0;
| }
configure:5463: result: no
configure:5339: checking whether pthreads work with -pthread
configure:5437: gcc -o conftest  -pthread   conftest.c   >&5
configure:5443: $? = 0
configure:5463: result: yes
configure:5482: checking for joinable pthread attribute
configure:5507: gcc -o conftest  -pthread   conftest.c   >&5
configure:5513: $? = 0
configure:5530: result: PTHREAD_CREATE_JOINABLE
configure:5540: checking if more special flags are required for pthreads
configure:5554: result: no
configure:5560: checking for PTHREAD_PRIO_INHERIT
configure:5588: gcc -o conftest  -pthread   conftest.c   >&5
conftest.c: In function 'main':
conftest.c:13:9: error: 'PTHREAD_PRIO_INHERIT' undeclared (first use in this function)
conftest.c:13:9: note: each undeclared identifier is reported only once for each function it appears in
configure:5594: $? = 1
configure: failed program was:
| 
|                     /* confdefs.h.  */
| #define PACKAGE_NAME "SystemC"
| #define PACKAGE_TARNAME "systemc"
| #define PACKAGE_VERSION "2.3.0"
| #define PACKAGE_STRING "SystemC 2.3.0"
| #define PACKAGE_BUGREPORT ""
| /* end confdefs.h.  */
| #include <pthread.h>
| int
| main ()
| {
| int i = PTHREAD_PRIO_INHERIT;
|   ;
|   return 0;
| }
configure:5612: result: no
configure:5750: checking how to print strings
configure:5777: result: printf
configure:5798: checking for a sed that does not truncate output
configure:5877: result: /bin/sed
configure:5895: checking for grep that handles long lines and -e
configure:5969: result: /bin/grep
configure:5974: checking for egrep
configure:6052: result: /bin/grep -E
configure:6057: checking for fgrep
configure:6135: result: /bin/grep -F
configure:6170: checking for ld used by g++
configure:6237: result: /usr/bin/ld
configure:6246: checking if the linker (/usr/bin/ld) is GNU ld
configure:6261: result: yes
configure:6273: checking for BSD- or MS-compatible name lister (nm)
configure:6322: result: /usr/bin/nm -B
configure:6456: checking the name lister (/usr/bin/nm -B) interface
configure:6463: g++ -c   conftest.c >&5
configure:6466: /usr/bin/nm -B "conftest.o"
configure:6469: output
0000000000000000 B some_variable
configure:6476: result: BSD nm
configure:6479: checking whether ln -s works
configure:6483: result: yes
configure:6491: checking the maximum length of command line arguments
configure:6616: result: 1572864
configure:6633: checking whether the shell understands some XSI constructs
configure:6643: result: yes
configure:6647: checking whether the shell understands "+="
configure:6653: result: yes
configure:6688: checking for /usr/bin/ld option to reload object files
configure:6695: result: -r
configure:6764: checking for objdump
configure:6780: found /usr/bin/objdump
configure:6791: result: objdump
configure:6827: checking how to recognize dependent libraries
configure:7029: result: pass_all
configure:7089: checking for ar
configure:7105: found /usr/bin/ar
configure:7116: result: ar
configure:7198: checking for strip
configure:7214: found /usr/bin/strip
configure:7225: result: strip
configure:7301: checking for ranlib
configure:7317: found /usr/bin/ranlib
configure:7328: result: ranlib
configure:7434: checking command to parse /usr/bin/nm -B output from g++ object
configure:7552: g++ -c   conftest.c >&5
configure:7555: $? = 0
configure:7559: /usr/bin/nm -B conftest.o \| sed -n -e 's/^.*[ ]\([ABCDGIRSTW][ABCDGIRSTW]*\)[ ][ ]*\([_A-Za-z][_A-Za-z0-9]*\)$/\1 \2 \2/p' \> conftest.nm
configure:7562: $? = 0
configure:7616: g++ -o conftest    conftest.c conftstm.o >&5
configure:7619: $? = 0
configure:7657: result: ok
configure:7752: g++ -c   conftest.c >&5
configure:7755: $? = 0
configure:8567: checking how to run the C preprocessor
configure:8607: g++ -E  conftest.c
configure:8613: $? = 0
configure:8644: g++ -E  conftest.c
conftest.c:9:28: fatal error: ac_nonexistent.h: No such file or directory
compilation terminated.
configure:8650: $? = 1
configure: failed program was:
| /* confdefs.h.  */
| #define PACKAGE_NAME "SystemC"
| #define PACKAGE_TARNAME "systemc"
| #define PACKAGE_VERSION "2.3.0"
| #define PACKAGE_STRING "SystemC 2.3.0"
| #define PACKAGE_BUGREPORT ""
| #define HAVE_PTHREAD 1
| /* end confdefs.h.  */
| #include <ac_nonexistent.h>
configure:8683: result: g++ -E
configure:8712: g++ -E  conftest.c
configure:8718: $? = 0
configure:8749: g++ -E  conftest.c
conftest.c:9:28: fatal error: ac_nonexistent.h: No such file or directory
compilation terminated.
configure:8755: $? = 1
configure: failed program was:
| /* confdefs.h.  */
| #define PACKAGE_NAME "SystemC"
| #define PACKAGE_TARNAME "systemc"
| #define PACKAGE_VERSION "2.3.0"
| #define PACKAGE_STRING "SystemC 2.3.0"
| #define PACKAGE_BUGREPORT ""
| #define HAVE_PTHREAD 1
| /* end confdefs.h.  */
| #include <ac_nonexistent.h>
configure:8793: checking for ANSI C header files
configure:8823: g++ -c   conftest.c >&5
configure:8829: $? = 0
configure:8928: g++ -o conftest    conftest.c  >&5
configure:8931: $? = 0
configure:8937: ./conftest
configure:8940: $? = 0
configure:8957: result: yes
configure:8981: checking for sys/types.h
configure:9002: g++ -c   conftest.c >&5
configure:9008: $? = 0
configure:9024: result: yes
configure:8981: checking for sys/stat.h
configure:9002: g++ -c   conftest.c >&5
configure:9008: $? = 0
configure:9024: result: yes
configure:8981: checking for stdlib.h
configure:9002: g++ -c   conftest.c >&5
configure:9008: $? = 0
configure:9024: result: yes
configure:8981: checking for string.h
configure:9002: g++ -c   conftest.c >&5
configure:9008: $? = 0
configure:9024: result: yes
configure:8981: checking for memory.h
configure:9002: g++ -c   conftest.c >&5
configure:9008: $? = 0
configure:9024: result: yes
configure:8981: checking for strings.h
configure:9002: g++ -c   conftest.c >&5
configure:9008: $? = 0
configure:9024: result: yes
configure:8981: checking for inttypes.h
configure:9002: g++ -c   conftest.c >&5
configure:9008: $? = 0
configure:9024: result: yes
configure:8981: checking for stdint.h
configure:9002: g++ -c   conftest.c >&5
configure:9008: $? = 0
configure:9024: result: yes
configure:8981: checking for unistd.h
configure:9002: g++ -c   conftest.c >&5
configure:9008: $? = 0
configure:9024: result: yes
configure:9040: checking for dlfcn.h
configure:9061: g++ -c   conftest.c >&5
configure:9067: $? = 0
configure:9083: result: yes
configure:9271: checking for objdir
configure:9286: result: .libs
configure:9553: checking if g++ supports -fno-rtti -fno-exceptions
configure:9571: g++ -c   -fno-rtti -fno-exceptions conftest.c >&5
configure:9575: $? = 0
configure:9588: result: yes
configure:9608: checking for g++ option to produce PIC
configure:9893: result: -fPIC -DPIC
configure:9905: checking if g++ PIC flag -fPIC -DPIC works
configure:9923: g++ -c   -fPIC -DPIC -DPIC conftest.c >&5
configure:9927: $? = 0
configure:9940: result: yes
configure:9964: checking if g++ static flag -static works
configure:9992: result: yes
configure:10007: checking if g++ supports -c -o file.o
configure:10028: g++ -c   -o out/conftest2.o conftest.c >&5
configure:10032: $? = 0
configure:10054: result: yes
configure:10062: checking if g++ supports -c -o file.o
configure:10109: result: yes
configure:10142: checking whether the g++ linker (/usr/bin/ld -m elf_x86_64) supports shared libraries
configure:11293: result: yes
configure:11330: checking whether -lc should be explicitly linked in
configure:11338: g++ -c   conftest.c >&5
configure:11341: $? = 0
configure:11356: g++ -shared conftest.o  -v -Wl,-soname -Wl,conftest -o conftest 2\>\&1 \| /bin/grep  -lc  \>/dev/null 2\>\&1
configure:11359: $? = 0
configure:11373: result: no
configure:11538: checking dynamic linker characteristics
configure:12003: g++ -o conftest    -Wl,-rpath -Wl,/foo conftest.c  >&5
configure:12009: $? = 0
configure:12243: result: GNU/Linux ld.so
configure:12350: checking how to hardcode library paths into programs
configure:12375: result: immediate
configure:13200: checking whether stripping libraries is possible
configure:13205: result: yes
configure:13240: checking if libtool supports shared libraries
configure:13242: result: yes
configure:13245: checking whether to build shared libraries
configure:13266: result: yes
configure:13269: checking whether to build static libraries
configure:13273: result: yes
configure:13296: checking how to run the C++ preprocessor
configure:13332: g++ -E  conftest.cpp
configure:13338: $? = 0
configure:13369: g++ -E  conftest.cpp
conftest.cpp:21:28: fatal error: ac_nonexistent.h: No such file or directory
compilation terminated.
configure:13375: $? = 1
configure: failed program was:
| /* confdefs.h.  */
| #define PACKAGE_NAME "SystemC"
| #define PACKAGE_TARNAME "systemc"
| #define PACKAGE_VERSION "2.3.0"
| #define PACKAGE_STRING "SystemC 2.3.0"
| #define PACKAGE_BUGREPORT ""
| #define HAVE_PTHREAD 1
| #define STDC_HEADERS 1
| #define HAVE_SYS_TYPES_H 1
| #define HAVE_SYS_STAT_H 1
| #define HAVE_STDLIB_H 1
| #define HAVE_STRING_H 1
| #define HAVE_MEMORY_H 1
| #define HAVE_STRINGS_H 1
| #define HAVE_INTTYPES_H 1
| #define HAVE_STDINT_H 1
| #define HAVE_UNISTD_H 1
| #define HAVE_DLFCN_H 1
| #define LT_OBJDIR ".libs/"
| /* end confdefs.h.  */
| #include <ac_nonexistent.h>
configure:13408: result: g++ -E
configure:13437: g++ -E  conftest.cpp
configure:13443: $? = 0
configure:13474: g++ -E  conftest.cpp
conftest.cpp:21:28: fatal error: ac_nonexistent.h: No such file or directory
compilation terminated.
configure:13480: $? = 1
configure: failed program was:
| /* confdefs.h.  */
| #define PACKAGE_NAME "SystemC"
| #define PACKAGE_TARNAME "systemc"
| #define PACKAGE_VERSION "2.3.0"
| #define PACKAGE_STRING "SystemC 2.3.0"
| #define PACKAGE_BUGREPORT ""
| #define HAVE_PTHREAD 1
| #define STDC_HEADERS 1
| #define HAVE_SYS_TYPES_H 1
| #define HAVE_SYS_STAT_H 1
| #define HAVE_STDLIB_H 1
| #define HAVE_STRING_H 1
| #define HAVE_MEMORY_H 1
| #define HAVE_STRINGS_H 1
| #define HAVE_INTTYPES_H 1
| #define HAVE_STDINT_H 1
| #define HAVE_UNISTD_H 1
| #define HAVE_DLFCN_H 1
| #define LT_OBJDIR ".libs/"
| /* end confdefs.h.  */
| #include <ac_nonexistent.h>
configure:13657: checking for ld used by g++
configure:13724: result: /usr/bin/ld -m elf_x86_64
configure:13733: checking if the linker (/usr/bin/ld -m elf_x86_64) is GNU ld
configure:13748: result: yes
configure:13803: checking whether the g++ linker (/usr/bin/ld -m elf_x86_64) supports shared libraries
configure:14789: result: yes
configure:14817: g++ -c   conftest.cpp >&5
configure:14820: $? = 0
configure:15002: checking for g++ option to produce PIC
configure:15324: result: -fPIC -DPIC
configure:15333: checking if g++ PIC flag -fPIC -DPIC works
configure:15351: g++ -c   -fPIC -DPIC -DPIC conftest.cpp >&5
configure:15355: $? = 0
configure:15368: result: yes
configure:15389: checking if g++ static flag -static works
configure:15417: result: yes
configure:15429: checking if g++ supports -c -o file.o
configure:15450: g++ -c   -o out/conftest2.o conftest.cpp >&5
configure:15454: $? = 0
configure:15476: result: yes
configure:15481: checking if g++ supports -c -o file.o
configure:15528: result: yes
configure:15558: checking whether the g++ linker (/usr/bin/ld -m elf_x86_64) supports shared libraries
configure:15586: result: yes
configure:15729: checking dynamic linker characteristics
configure:16368: result: GNU/Linux ld.so
configure:16421: checking how to hardcode library paths into programs
configure:16446: result: immediate
configure:16509: checking whether to add debug symbols to the SystemC library
configure:16531: result: no
configure:16534: checking whether to enable compiler optimization
configure:16556: result: yes
configure:16559: checking whether to add support for asynchronous update requests
configure:16592: result: yes
configure:16595: checking whether to use POSIX threads for SystemC processes
configure:16644: result: no
configure:16948: creating ./config.status

## ---------------------- ##
## Running config.status. ##
## ---------------------- ##

This file was extended by SystemC config.status 2.3.0, which was
generated by GNU Autoconf 2.61.  Invocation command line was

  CONFIG_FILES    = 
  CONFIG_HEADERS  = 
  CONFIG_LINKS    = 
  CONFIG_COMMANDS = 
  $ ./config.status 

on Ansonn-PC

config.status:1007: creating Makefile
config.status:1007: creating src/Makefile
config.status:1007: creating src/sysc/Makefile
config.status:1007: creating src/sysc/communication/Makefile
config.status:1007: creating src/sysc/datatypes/Makefile
config.status:1007: creating src/sysc/datatypes/bit/Makefile
config.status:1007: creating src/sysc/datatypes/fx/Makefile
config.status:1007: creating src/sysc/datatypes/int/Makefile
config.status:1007: creating src/sysc/datatypes/misc/Makefile
config.status:1007: creating src/sysc/kernel/Makefile
config.status:1007: creating src/sysc/tracing/Makefile
config.status:1007: creating src/sysc/qt/Makefile
config.status:1007: creating src/sysc/utils/Makefile
config.status:1007: creating src/sysc/packages/Makefile
config.status:1007: creating src/sysc/packages/boost/Makefile
config.status:1007: creating src/sysc/packages/boost/bind/Makefile
config.status:1007: creating src/sysc/packages/boost/config/Makefile
config.status:1007: creating src/sysc/packages/boost/config/compiler/Makefile
config.status:1007: creating src/sysc/packages/boost/config/platform/Makefile
config.status:1007: creating src/sysc/packages/boost/config/stdlib/Makefile
config.status:1007: creating src/sysc/packages/boost/mpl/Makefile
config.status:1007: creating src/sysc/packages/boost/mpl/aux_/Makefile
config.status:1007: creating src/sysc/packages/boost/mpl/aux_/config/Makefile
config.status:1007: creating src/sysc/packages/boost/detail/Makefile
config.status:1007: creating src/sysc/packages/boost/utility/Makefile
config.status:1007: creating src/tlm_core/tlm_1/tlm_analysis/Makefile
config.status:1007: creating src/tlm_core/tlm_1/Makefile
config.status:1007: creating src/tlm_core/tlm_1/tlm_req_rsp/tlm_channels/Makefile
config.status:1007: creating src/tlm_core/tlm_1/tlm_req_rsp/tlm_channels/tlm_req_rsp_channels/Makefile
config.status:1007: creating src/tlm_core/tlm_1/tlm_req_rsp/tlm_channels/tlm_fifo/Makefile
config.status:1007: creating src/tlm_core/tlm_1/tlm_req_rsp/Makefile
config.status:1007: creating src/tlm_core/tlm_1/tlm_req_rsp/tlm_ports/Makefile
config.status:1007: creating src/tlm_core/tlm_1/tlm_req_rsp/tlm_adapters/Makefile
config.status:1007: creating src/tlm_core/tlm_1/tlm_req_rsp/tlm_1_interfaces/Makefile
config.status:1007: creating src/tlm_core/tlm_2/tlm_2_interfaces/Makefile
config.status:1007: creating src/tlm_core/tlm_2/Makefile
config.status:1007: creating src/tlm_core/tlm_2/tlm_generic_payload/Makefile
config.status:1007: creating src/tlm_core/tlm_2/tlm_sockets/Makefile
config.status:1007: creating src/tlm_core/tlm_2/tlm_quantum/Makefile
config.status:1007: creating src/tlm_utils/Makefile
config.status:1007: creating examples/Makefile
config.status:1007: creating examples/sysc/Makefile
config.status:1007: creating examples/sysc/fir/Makefile
config.status:1007: creating examples/sysc/fft/Makefile
config.status:1007: creating examples/sysc/fft/fft_flpt/Makefile
config.status:1007: creating examples/sysc/fft/fft_fxpt/Makefile
config.status:1007: creating examples/sysc/pipe/Makefile
config.status:1007: creating examples/sysc/pkt_switch/Makefile
config.status:1007: creating examples/sysc/rsa/Makefile
config.status:1007: creating examples/sysc/simple_bus/Makefile
config.status:1007: creating examples/sysc/simple_fifo/Makefile
config.status:1007: creating examples/sysc/simple_perf/Makefile
config.status:1007: creating examples/sysc/2.1/Makefile
config.status:1007: creating examples/sysc/2.1/dpipe/Makefile
config.status:1007: creating examples/sysc/2.1/forkjoin/Makefile
config.status:1007: creating examples/sysc/2.1/reset_signal_is/Makefile
config.status:1007: creating examples/sysc/2.1/sc_export/Makefile
config.status:1007: creating examples/sysc/2.1/sc_report/Makefile
config.status:1007: creating examples/sysc/2.1/scx_barrier/Makefile
config.status:1007: creating examples/sysc/2.1/scx_mutex_w_policy/Makefile
config.status:1007: creating examples/sysc/2.1/specialized_signals/Makefile
config.status:1007: creating examples/sysc/2.3/Makefile
config.status:1007: creating examples/sysc/2.3/include/Makefile
config.status:1007: creating examples/sysc/2.3/sc_rvd/Makefile
config.status:1007: creating examples/sysc/2.3/sc_ttd/Makefile
config.status:1007: creating examples/tlm/Makefile
config.status:1007: creating docs/sysc/doxygen/Doxyfile
config.status:1007: creating docs/tlm/doxygen/Doxyfile
config.status:1191: executing depfiles commands
config.status:1191: executing libtool commands

## ---------------- ##
## Cache variables. ##
## ---------------- ##

ac_cv_build=x86_64-unknown-linux-gnu
ac_cv_c_compiler_gnu=yes
ac_cv_cxx_compiler_gnu=yes
ac_cv_env_CCASFLAGS_set=
ac_cv_env_CCASFLAGS_value=
ac_cv_env_CCAS_set=
ac_cv_env_CCAS_value=
ac_cv_env_CCC_set=
ac_cv_env_CCC_value=
ac_cv_env_CC_set=
ac_cv_env_CC_value=
ac_cv_env_CFLAGS_set=
ac_cv_env_CFLAGS_value=
ac_cv_env_CPPFLAGS_set=
ac_cv_env_CPPFLAGS_value=
ac_cv_env_CPP_set=
ac_cv_env_CPP_value=
ac_cv_env_CXXCPP_set=
ac_cv_env_CXXCPP_value=
ac_cv_env_CXXFLAGS_set=
ac_cv_env_CXXFLAGS_value=
ac_cv_env_CXX_set=
ac_cv_env_CXX_value=
ac_cv_env_LDFLAGS_set=
ac_cv_env_LDFLAGS_value=
ac_cv_env_LIBS_set=
ac_cv_env_LIBS_value=
ac_cv_env_build_alias_set=
ac_cv_env_build_alias_value=
ac_cv_env_host_alias_set=
ac_cv_env_host_alias_value=
ac_cv_env_target_alias_set=
ac_cv_env_target_alias_value=
ac_cv_header_dlfcn_h=yes
ac_cv_header_inttypes_h=yes
ac_cv_header_memory_h=yes
ac_cv_header_stdc=yes
ac_cv_header_stdint_h=yes
ac_cv_header_stdlib_h=yes
ac_cv_header_string_h=yes
ac_cv_header_strings_h=yes
ac_cv_header_sys_stat_h=yes
ac_cv_header_sys_types_h=yes
ac_cv_header_unistd_h=yes
ac_cv_host=x86_64-unknown-linux-gnu
ac_cv_objext=o
ac_cv_path_EGREP='/bin/grep -E'
ac_cv_path_FGREP='/bin/grep -F'
ac_cv_path_GREP=/bin/grep
ac_cv_path_SED=/bin/sed
ac_cv_path_install='/usr/bin/install -c'
ac_cv_path_mkdir=/bin/mkdir
ac_cv_prog_AWK=mawk
ac_cv_prog_CPP='g++ -E'
ac_cv_prog_CXXCPP='g++ -E'
ac_cv_prog_ac_ct_AR=ar
ac_cv_prog_ac_ct_CC=gcc
ac_cv_prog_ac_ct_CXX=g++
ac_cv_prog_ac_ct_OBJDUMP=objdump
ac_cv_prog_ac_ct_RANLIB=ranlib
ac_cv_prog_ac_ct_STRIP=strip
ac_cv_prog_cc_c89=
ac_cv_prog_cc_g=yes
ac_cv_prog_cxx_g=yes
ac_cv_prog_make_make_set=yes
ac_cv_target=x86_64-unknown-linux-gnu
am_cv_CCAS_dependencies_compiler_type=gcc3
am_cv_CC_dependencies_compiler_type=gcc3
am_cv_CXX_dependencies_compiler_type=gcc3
ax_cv_PTHREAD_PRIO_INHERIT=no
lt_cv_archive_cmds_need_lc=no
lt_cv_deplibs_check_method=pass_all
lt_cv_file_magic_cmd='$MAGIC_CMD'
lt_cv_file_magic_test_file=
lt_cv_ld_reload_flag=-r
lt_cv_nm_interface='BSD nm'
lt_cv_objdir=.libs
lt_cv_path_LD=/usr/bin/ld
lt_cv_path_LDCXX='/usr/bin/ld -m elf_x86_64'
lt_cv_path_NM='/usr/bin/nm -B'
lt_cv_prog_compiler_c_o=yes
lt_cv_prog_compiler_c_o_CXX=yes
lt_cv_prog_compiler_pic_works=yes
lt_cv_prog_compiler_pic_works_CXX=yes
lt_cv_prog_compiler_rtti_exceptions=yes
lt_cv_prog_compiler_static_works=yes
lt_cv_prog_compiler_static_works_CXX=yes
lt_cv_prog_gnu_ld=yes
lt_cv_prog_gnu_ldcxx=yes
lt_cv_shlibpath_overrides_runpath=no
lt_cv_sys_global_symbol_pipe='sed -n -e '\''s/^.*[	 ]\([ABCDGIRSTW][ABCDGIRSTW]*\)[	 ][	 ]*\([_A-Za-z][_A-Za-z0-9]*\)$/\1 \2 \2/p'\'''
lt_cv_sys_global_symbol_to_c_name_address='sed -n -e '\''s/^: \([^ ]*\) $/  {\"\1\", (void *) 0},/p'\'' -e '\''s/^[ABCDGIRSTW]* \([^ ]*\) \([^ ]*\)$/  {"\2", (void *) \&\2},/p'\'''
lt_cv_sys_global_symbol_to_c_name_address_lib_prefix='sed -n -e '\''s/^: \([^ ]*\) $/  {\"\1\", (void *) 0},/p'\'' -e '\''s/^[ABCDGIRSTW]* \([^ ]*\) \(lib[^ ]*\)$/  {"\2", (void *) \&\2},/p'\'' -e '\''s/^[ABCDGIRSTW]* \([^ ]*\) \([^ ]*\)$/  {"lib\2", (void *) \&\2},/p'\'''
lt_cv_sys_global_symbol_to_cdecl='sed -n -e '\''s/^T .* \(.*\)$/extern int \1();/p'\'' -e '\''s/^[ABCDGIRSTW]* .* \(.*\)$/extern char \1;/p'\'''
lt_cv_sys_max_cmd_len=1572864

## ----------------- ##
## Output variables. ##
## ----------------- ##

ACLOCAL='${SHELL} /home/ansonn/work/systemc/systemc-2.3.0/config/missing --run aclocal-1.10'
AMDEPBACKSLASH='\'
AMDEP_FALSE='#'
AMDEP_TRUE=''
AMTAR='${SHELL} /home/ansonn/work/systemc/systemc-2.3.0/config/missing --run tar'
AR='ar'
AUTOCONF='${SHELL} /home/ansonn/work/systemc/systemc-2.3.0/config/missing --run autoconf'
AUTOHEADER='${SHELL} /home/ansonn/work/systemc/systemc-2.3.0/config/missing --run autoheader'
AUTOMAKE='${SHELL} /home/ansonn/work/systemc/systemc-2.3.0/config/missing --run automake-1.10'
AWK='mawk'
CC='g++'
CCAS='gcc'
CCASDEPMODE='depmode=gcc3'
CCASFLAGS=''
CCDEPMODE='depmode=gcc3'
CFLAGS=''
CPP='g++ -E'
CPPFLAGS=''
CXX='g++'
CXXCPP='g++ -E'
CXXDEPMODE='depmode=gcc3'
CXXFLAGS=''
CYGPATH_W='echo'
DEBUG_CXXFLAGS='-g'
DEFS='-DPACKAGE_NAME=\"SystemC\" -DPACKAGE_TARNAME=\"systemc\" -DPACKAGE_VERSION=\"2.3.0\" -DPACKAGE_STRING=\"SystemC\ 2.3.0\" -DPACKAGE_BUGREPORT=\"\" -DHAVE_PTHREAD=1 -DSTDC_HEADERS=1 -DHAVE_SYS_TYPES_H=1 -DHAVE_SYS_STAT_H=1 -DHAVE_STDLIB_H=1 -DHAVE_STRING_H=1 -DHAVE_MEMORY_H=1 -DHAVE_STRINGS_H=1 -DHAVE_INTTYPES_H=1 -DHAVE_STDINT_H=1 -DHAVE_UNISTD_H=1 -DHAVE_DLFCN_H=1 -DLT_OBJDIR=\".libs/\"'
DEPDIR='.deps'
DISABLE_ASYNC_UPDATES_FALSE=''
DISABLE_ASYNC_UPDATES_TRUE='#'
DSYMUTIL=''
DUMPBIN=''
ECHO_C=''
ECHO_N='-n'
ECHO_T=''
EGREP='/bin/grep -E'
EXEEXT=''
EXTRA_ASFLAGS='-m64'
EXTRA_CFLAGS=''
EXTRA_CXXFLAGS='-Wall -m64'
FGREP='/bin/grep -F'
GREP='/bin/grep'
INSTALL_DATA='${INSTALL} -m 644'
INSTALL_PROGRAM='${INSTALL}'
INSTALL_SCRIPT='${INSTALL}'
INSTALL_STRIP_PROGRAM='$(install_sh) -c -s'
LD='/usr/bin/ld -m elf_x86_64'
LDFLAGS=''
LIBOBJS=''
LIBS=''
LIBTOOL='$(SHELL) $(top_builddir)/libtool'
LIPO=''
LN_S='ln -s'
LTLIBOBJS=''
MAKEINFO='${SHELL} /home/ansonn/work/systemc/systemc-2.3.0/config/missing --run makeinfo'
NM='/usr/bin/nm -B'
NMEDIT=''
OBJDUMP='objdump'
OBJEXT='o'
OPT_CXXFLAGS='-O3'
OTOOL64=''
OTOOL=''
PACKAGE='systemc'
PACKAGE_BUGREPORT=''
PACKAGE_NAME='SystemC'
PACKAGE_STRING='SystemC 2.3.0'
PACKAGE_TARNAME='systemc'
PACKAGE_VERSION='2.3.0'
PATH_SEPARATOR=':'
PTHREAD_CC='gcc'
PTHREAD_CFLAGS='-pthread'
PTHREAD_LIBS=''
QT_ARCH='x86_64'
QT_ARCH_HPPA_FALSE=''
QT_ARCH_HPPA_TRUE='#'
QT_ARCH_POWERPC_MACOSX_FALSE=''
QT_ARCH_POWERPC_MACOSX_TRUE='#'
QT_ARCH_PTHREADS_FALSE=''
QT_ARCH_PTHREADS_TRUE='#'
QT_ARCH_SPARC_FALSE=''
QT_ARCH_SPARC_TRUE='#'
QT_ARCH_X86_64_FALSE='#'
QT_ARCH_X86_64_TRUE=''
QT_ARCH_X86_FALSE=''
QT_ARCH_X86_TRUE='#'
RANLIB='ranlib'
SED='/bin/sed'
SET_MAKE=''
SHELL='/bin/bash'
STRIP='strip'
TARGET_ARCH='linux64'
USES_PTHREADS_LIB_FALSE='#'
USES_PTHREADS_LIB_TRUE=''
VERSION='2.3.0'
WANT_DEBUG_FALSE=''
WANT_DEBUG_TRUE='#'
WANT_OPTIMIZE_FALSE='#'
WANT_OPTIMIZE_TRUE=''
WANT_PTHREADS_THREADS_FALSE=''
WANT_PTHREADS_THREADS_TRUE='#'
ac_ct_CC='gcc'
ac_ct_CXX='g++'
ac_ct_DUMPBIN=''
am__fastdepCCAS_FALSE='#'
am__fastdepCCAS_TRUE=''
am__fastdepCC_FALSE='#'
am__fastdepCC_TRUE=''
am__fastdepCXX_FALSE='#'
am__fastdepCXX_TRUE=''
am__include='include'
am__isrc=' -I$(srcdir)'
am__leading_dot='.'
am__quote=''
am__tar='${AMTAR} chof - "$$tardir"'
am__untar='${AMTAR} xf -'
ax_pthread_config=''
bindir='${exec_prefix}/bin'
build='x86_64-unknown-linux-gnu'
build_alias=''
build_cpu='x86_64'
build_os='linux-gnu'
build_vendor='unknown'
datadir='${datarootdir}'
datarootdir='${prefix}/share'
docdir='${datarootdir}/doc/${PACKAGE_TARNAME}'
dvidir='${docdir}'
exec_prefix='${prefix}'
host='x86_64-unknown-linux-gnu'
host_alias=''
host_cpu='x86_64'
host_os='linux-gnu'
host_vendor='unknown'
htmldir='${docdir}'
includedir='${prefix}/include'
infodir='${datarootdir}/info'
install_sh='$(SHELL) /home/ansonn/work/systemc/systemc-2.3.0/config/install-sh'
libdir='${exec_prefix}/lib'
libexecdir='${exec_prefix}/libexec'
localedir='${datarootdir}/locale'
localstatedir='${prefix}/var'
mandir='${datarootdir}/man'
mkdir_p='/bin/mkdir -p'
oldincludedir='/usr/include'
pdfdir='${docdir}'
prefix='/usr/local/systemc230'
program_transform_name='s,x,x,'
psdir='${docdir}'
sbindir='${exec_prefix}/sbin'
sharedstatedir='${prefix}/com'
sysconfdir='${prefix}/etc'
target='x86_64-unknown-linux-gnu'
target_alias=''
target_cpu='x86_64'
target_os='linux-gnu'
target_vendor='unknown'

## ----------- ##
## confdefs.h. ##
## ----------- ##

#define PACKAGE_NAME "SystemC"
#define PACKAGE_TARNAME "systemc"
#define PACKAGE_VERSION "2.3.0"
#define PACKAGE_STRING "SystemC 2.3.0"
#define PACKAGE_BUGREPORT ""
#define HAVE_PTHREAD 1
#define STDC_HEADERS 1
#define HAVE_SYS_TYPES_H 1
#define HAVE_SYS_STAT_H 1
#define HAVE_STDLIB_H 1
#define HAVE_STRING_H 1
#define HAVE_MEMORY_H 1
#define HAVE_STRINGS_H 1
#define HAVE_INTTYPES_H 1
#define HAVE_STDINT_H 1
#define HAVE_UNISTD_H 1
#define HAVE_DLFCN_H 1
#define LT_OBJDIR ".libs/"

configure: exit 0
